[15:29:59] [ServerMain/INFO]: Environment: Environment[sessionHost=https://sessionserver.mojang.com, servicesHost=https://api.minecraftservices.com, name=PROD]
[15:30:05] [ServerMain/INFO]: Loaded 1175 recipes
[15:30:06] [ServerMain/INFO]: Loaded 1276 advancements
[15:30:07] [Server thread/INFO]: Starting minecraft server version 1.20.6
[15:30:07] [Server thread/INFO]: Loading properties
[15:30:07] [Server thread/INFO]: This server is running Paper version 1.20.6-148-ver/1.20.6@20f5165 (2024-07-02T15:37:33Z) (Implementing API version 1.20.6-R0.1-SNAPSHOT)
[15:30:09] [Server thread/INFO]: Server Ping Player Sample Count: 12
[15:30:09] [Server thread/INFO]: Using 4 threads for Netty based IO
[15:30:11] [Server thread/WARN]: [!] The timings profiler has been enabled but has been scheduled for removal from Paper in the future.
    We recommend installing the spark profiler as a replacement: https://spark.lucko.me/
    For more information please visit: https://github.com/PaperMC/Paper/issues/8948
[15:30:11] [Server thread/INFO]: [ChunkTaskScheduler] Chunk system is using 1 I/O threads, 3 worker threads, and gen parallelism of 3 threads
[15:30:12] [Server thread/INFO]: Default game type: SURVIVAL
[15:30:12] [Server thread/INFO]: Generating keypair
[15:30:12] [Server thread/INFO]: Starting Minecraft server on *:25565
[15:30:12] [Server thread/INFO]: Using default channel type
[15:30:12] [Server thread/INFO]: Paper: Using Java compression from Velocity.
[15:30:12] [Server thread/INFO]: Paper: Using Java cipher from Velocity.
[15:30:13] [Server thread/INFO]: [ServerManagement] Loading server plugin ServerManagement v0.0.24
[15:30:13] [Server thread/INFO]: Server permissions file permissions.yml is empty, ignoring it
[15:30:13] [Server thread/INFO]: Preparing level "world"
[15:30:14] [Server thread/INFO]: Preparing start region for dimension minecraft:overworld
[15:30:21] [Server thread/INFO]: Time elapsed: 6372 ms
[15:30:21] [Server thread/INFO]: Preparing start region for dimension minecraft:the_nether
[15:30:23] [Server thread/INFO]: Time elapsed: 2596 ms
[15:30:23] [Server thread/INFO]: Preparing start region for dimension minecraft:the_end
[15:30:24] [Server thread/INFO]: Time elapsed: 1036 ms
[15:30:24] [Server thread/INFO]: [ServerManagement] Enabling ServerManagement v0.0.24
[15:30:25] [Server thread/INFO]: Running delayed init tasks
[15:30:25] [Server thread/INFO]: Done (18.229s)! For help, type "help"
[15:30:25] [Server thread/INFO]: Timings Reset
[15:30:25] [User Authenticator #0/INFO]: UUID of player NinetiethShoe is 81500b0d-47be-4e4b-be87-d6d173ce3318
[15:30:28] [Server thread/INFO]: NinetiethShoe joined the game
[15:30:28] [Server thread/INFO]: NinetiethShoe[/127.0.0.1:60623] logged in with entity id 179 at ([world]-68.69142881121876, 107.35049113885542, 92.72988317505357)
[15:30:37] [Server thread/INFO]: NinetiethShoe issued server command: /discord
